<!DOCTYPE html PUBLIC "-//W3C//DTD XHTML 1.1//EN" "https://www.w3.org/TR/xhtml11/DTD/xhtml11.dtd">
<html xmlns="https://www.w3.org/1999/xhtml">
<head>
<meta charset='utf-8'>
<title>TestNG Report</title>
<style type="text/css">
table {margin-bottom:10px;border-collapse:collapse;empty-cells:show}
td,th {border:1px solid #009;padding:.25em .5em}
.result th {vertical-align:bottom}
.param th {padding-left:1em;padding-right:1em}
.param td {padding-left:.5em;padding-right:2em}
.stripe td,.stripe th {background-color: #E6EBF9}
.numi,.numi_attn {text-align:right}
.total td {font-weight:bold}
.passedodd td {background-color: #0A0}
.passedeven td {background-color: #3F3}
.skippedodd td {background-color: #CCC}
.skippedodd td {background-color: #DDD}
.failedodd td,.numi_attn {background-color: #F33}
.failedeven td,.stripe .numi_attn {background-color: #D00}
.stacktrace {white-space:pre;font-family:monospace}
.totop {font-size:85%;text-align:center;border-bottom:2px solid #000}
</style>
</head>
<body>
<table cellspacing="0" cellpadding="0" class="testOverview">
<tr><th>Test</th><th>Methods<br/>Passed</th><th>Scenarios<br/>Passed</th><th># skipped</th><th># failed</th><th>Total<br/>Time</th><th>Included<br/>Groups</th><th>Excluded<br/>Groups</th></tr>
<tr><td style="text-align:left;padding-right:2em"><a href="#t1">All Test</a></td><td class="numi">30</td><td class="numi">30</td><td class="numi">0</td><td class="numi_attn">9</td><td class="numi">288.7 seconds</td><td class="numi"></td><td class="numi"></td></tr>
</table>
<table cellspacing="0" cellpadding="0" class="methodOverview" id="summary">
<tr><th>Class</th><th>Method</th><th># of<br/>Scenarios</th><th>Start</th><th>Time<br/>(ms)</th></tr>
<tr id="t1"><th colspan="5">All Test &#8212; failed</th></tr>
<tr class="failedodd"><td>techproed.tests.smoketests.Day22_PositiveLoginTest</td><td><a href="#m1"><b>US100201_Admin_Login</b>  </a></td><td class="numi">1</td><td>1700220651580</td><td class="numi">16635</td></tr>
<tr class="failedeven"><td rowspan="2">techproed.tests.dataprovider.Day24_DataProviderTest02</td><td><a href="#m2"><b>testName</b>  </a></td><td class="numi">4</td><td>1700220461926</td><td class="numi">189652</td></tr><tr class="failedeven"><td><a href="#m3"><b>testName</b>  </a></td><td class="numi">4</td><td>1700220461926</td><td class="numi">189652</td></tr>
<tr class="failedodd"><td rowspan="3">techproed.tests.dataprovider.Day24_DataProviderTest03</td><td><a href="#m4"><b>testName</b>  </a></td><td class="numi">4</td><td>1700220668672</td><td class="numi">33570</td></tr><tr class="failedodd"><td><a href="#m5"><b>testName</b>  </a></td><td class="numi">4</td><td>1700220668672</td><td class="numi">33570</td></tr><tr class="failedodd"><td><a href="#m6"><b>testName</b>  </a></td><td class="numi">4</td><td>1700220668672</td><td class="numi">33570</td></tr>
<tr class="failedeven"><td>techproed.tests.dataprovider.Day24_DataProviderTest02</td><td><a href="#m7"><b>testName</b>  </a></td><td class="numi">4</td><td>1700220461926</td><td class="numi">189652</td></tr>
<tr class="failedodd"><td>techproed.tests.dataprovider.Day24_DataProviderTest03</td><td><a href="#m8"><b>testName</b>  </a></td><td class="numi">4</td><td>1700220668672</td><td class="numi">33570</td></tr>
<tr class="failedeven"><td>techproed.tests.dataprovider.Day24_DataProviderTest02</td><td><a href="#m9"><b>testName</b>  </a></td><td class="numi">4</td><td>1700220461926</td><td class="numi">189652</td></tr>
<tr><th colspan="5">All Test &#8212; passed</th></tr>
<tr class="passedodd"><td>techproed.tests.dataprovider.Day24_DataProviderTest01</td><td><a href="#m10"><b>googleSearchTest</b>  </a></td><td class="numi">6</td><td>1700220413633</td><td class="numi">42952</td></tr>
<tr class="passedeven"><td>techproed.tests.dataprovider.Day25_DataProviderTest04</td><td><a href="#m11"><b>employeeDataTest</b>  </a></td><td class="numi">3</td><td>1700220702254</td><td class="numi">1</td></tr>
<tr class="passedodd"><td rowspan="2">techproed.tests.dataprovider.Day24_DataProviderTest01</td><td><a href="#m12"><b>googleSearchTest</b>  </a></td><td class="numi">6</td><td>1700220413633</td><td class="numi">42952</td></tr><tr class="passedodd"><td><a href="#m13"><b>googleSearchTest</b>  </a></td><td class="numi">6</td><td>1700220413633</td><td class="numi">42952</td></tr>
<tr class="passedeven"><td rowspan="2">techproed.tests.dataprovider.Day25_DataProviderTest04</td><td><a href="#m14"><b>customerServiceTest</b>  </a></td><td class="numi">3</td><td>1700220702252</td><td class="numi">2</td></tr><tr class="passedeven"><td><a href="#m15"><b>employeeInformationTest</b>  </a></td><td class="numi">4</td><td>1700220702290</td><td class="numi">3</td></tr>
<tr class="passedodd"><td>techproed.tests.dataprovider.Day24_DataProviderTest01</td><td><a href="#m16"><b>searchTest</b>  </a></td><td class="numi">6</td><td>1700220456586</td><td class="numi">2</td></tr>
<tr class="passedeven"><td>techproed.tests.dataprovider.Day25_DataProviderTest04</td><td><a href="#m17"><b>employeeDataTest</b>  </a></td><td class="numi">3</td><td>1700220702254</td><td class="numi">1</td></tr>
<tr class="passedodd"><td>techproed.tests.dataprovider.Day24_DataProviderTest02</td><td><a href="#m18"><b>dataProviderTest</b>  </a></td><td class="numi">4</td><td>1700220461924</td><td class="numi">2</td></tr>
<tr class="passedeven"><td>techproed.tests.dataprovider.Day24_DataProviderTest01</td><td><a href="#m19"><b>searchTest</b>  </a></td><td class="numi">6</td><td>1700220456586</td><td class="numi">2</td></tr>
<tr class="passedodd"><td rowspan="4">techproed.tests.dataprovider.Day25_DataProviderTest04</td><td><a href="#m20"><b>customerServiceTest</b>  </a></td><td class="numi">3</td><td>1700220702252</td><td class="numi">2</td></tr><tr class="passedodd"><td><a href="#m21"><b>employeeInformationTest</b>  </a></td><td class="numi">4</td><td>1700220702290</td><td class="numi">3</td></tr><tr class="passedodd"><td><a href="#m22"><b>customerDataTest</b>  </a></td><td class="numi">3</td><td>1700220702245</td><td class="numi">7</td></tr><tr class="passedodd"><td><a href="#m23"><b>employeeDataTest</b>  </a></td><td class="numi">3</td><td>1700220702254</td><td class="numi">1</td></tr>
<tr class="passedeven"><td rowspan="3">techproed.tests.dataprovider.Day24_DataProviderTest01</td><td><a href="#m24"><b>searchTest</b>  </a></td><td class="numi">6</td><td>1700220456586</td><td class="numi">2</td></tr><tr class="passedeven"><td><a href="#m25"><b>searchTest</b>  </a></td><td class="numi">6</td><td>1700220456586</td><td class="numi">2</td></tr><tr class="passedeven"><td><a href="#m26"><b>googleSearchTest</b>  </a></td><td class="numi">6</td><td>1700220413633</td><td class="numi">42952</td></tr>
<tr class="passedodd"><td>techproed.tests.dataprovider.Day24_DataProviderTest02</td><td><a href="#m27"><b>dataProviderTest</b>  </a></td><td class="numi">4</td><td>1700220461924</td><td class="numi">2</td></tr>
<tr class="passedeven"><td>techproed.tests.dataprovider.Day25_DataProviderTest04</td><td><a href="#m28"><b>employeeInformationTest</b>  </a></td><td class="numi">4</td><td>1700220702290</td><td class="numi">3</td></tr>
<tr class="passedodd"><td rowspan="3">techproed.tests.dataprovider.Day24_DataProviderTest01</td><td><a href="#m29"><b>searchTest</b>  </a></td><td class="numi">6</td><td>1700220456586</td><td class="numi">2</td></tr><tr class="passedodd"><td><a href="#m30"><b>searchTest</b>  </a></td><td class="numi">6</td><td>1700220456586</td><td class="numi">2</td></tr><tr class="passedodd"><td><a href="#m31"><b>googleSearchTest</b>  </a></td><td class="numi">6</td><td>1700220413633</td><td class="numi">42952</td></tr>
<tr class="passedeven"><td>techproed.tests.dataprovider.Day24_DataProviderTest02</td><td><a href="#m32"><b>dataProviderTest</b>  </a></td><td class="numi">4</td><td>1700220461924</td><td class="numi">2</td></tr>
<tr class="passedodd"><td rowspan="3">techproed.tests.dataprovider.Day25_DataProviderTest04</td><td><a href="#m33"><b>employeeInformationTest</b>  </a></td><td class="numi">4</td><td>1700220702290</td><td class="numi">3</td></tr><tr class="passedodd"><td><a href="#m34"><b>customerServiceTest</b>  </a></td><td class="numi">3</td><td>1700220702252</td><td class="numi">2</td></tr><tr class="passedodd"><td><a href="#m35"><b>customerDataTest</b>  </a></td><td class="numi">3</td><td>1700220702245</td><td class="numi">7</td></tr>
<tr class="passedeven"><td>techproed.tests.dataprovider.Day24_DataProviderTest02</td><td><a href="#m36"><b>dataProviderTest</b>  </a></td><td class="numi">4</td><td>1700220461924</td><td class="numi">2</td></tr>
<tr class="passedodd"><td>techproed.tests.dataprovider.Day24_DataProviderTest01</td><td><a href="#m37"><b>googleSearchTest</b>  </a></td><td class="numi">6</td><td>1700220413633</td><td class="numi">42952</td></tr>
<tr class="passedeven"><td>techproed.tests.dataprovider.Day25_DataProviderTest04</td><td><a href="#m38"><b>customerDataTest</b>  </a></td><td class="numi">3</td><td>1700220702245</td><td class="numi">7</td></tr>
<tr class="passedodd"><td>techproed.tests.smoketests.Day22_NegativeLoginTest</td><td><a href="#m39"><b>US100208_Negative_Login</b>  </a></td><td class="numi">1</td><td>1700220456591</td><td class="numi">5331</td></tr>
</table>
<h1>All Test</h1>
<h2 id="m1">techproed.tests.smoketests.Day22_PositiveLoginTest:US100201_Admin_Login</h2>
<div>
<h3>Test Messages</h3>
GO TO WEB PAGE<br/>
CLICK ON THE LOGIN BUTTON<br/>
ENTER YOUR ACCESS INFORMATION<br/>
ASSERT THE ENTRY IS OK<br/>
<h3>Failure</h3>
<div class="stacktrace">org.openqa.selenium.NoSuchElementException: no such element: Unable to locate element: {&quot;method&quot;:&quot;css selector&quot;,&quot;selector&quot;:&quot;#dropdown\-basic\-button&quot;}
  (Session info: chrome=119.0.6045.124)
For documentation on this error, please visit: https://www.selenium.dev/documentation/webdriver/troubleshooting/errors#no-such-element-exception
Build info: version: &apos;4.11.0&apos;, revision: &apos;040bc5406b&apos;
System info: os.name: &apos;Windows 10&apos;, os.arch: &apos;amd64&apos;, os.version: &apos;10.0&apos;, java.version: &apos;11.0.15&apos;
Driver info: org.openqa.selenium.chrome.ChromeDriver
Command: [0d1f7ce4b3f7e6016000323acb6c18f1, findElement {using=id, value=dropdown-basic-button}]
Capabilities {acceptInsecureCerts: false, browserName: chrome, browserVersion: 119.0.6045.124, chrome: {chromedriverVersion: 119.0.6045.105 (38c72552c5e..., userDataDir: C:\Users\tugba\AppData\Loca...}, fedcm:accounts: true, goog:chromeOptions: {debuggerAddress: localhost:59116}, networkConnectionEnabled: false, pageLoadStrategy: normal, platformName: windows, proxy: Proxy(), se:cdp: ws://localhost:59116/devtoo..., se:cdpVersion: 119.0.6045.124, setWindowRect: true, strictFileInteractability: false, timeouts: {implicit: 0, pageLoad: 300000, script: 30000}, unhandledPromptBehavior: dismiss and notify, webauthn:extension:credBlob: true, webauthn:extension:largeBlob: true, webauthn:extension:minPinLength: true, webauthn:extension:prf: true, webauthn:virtualAuthenticators: true}
Session ID: 0d1f7ce4b3f7e6016000323acb6c18f1
	at org.openqa.selenium.remote.codec.w3c.W3CHttpResponseCodec.createException(W3CHttpResponseCodec.java:200)
	at org.openqa.selenium.remote.codec.w3c.W3CHttpResponseCodec.decode(W3CHttpResponseCodec.java:133)
	at org.openqa.selenium.remote.codec.w3c.W3CHttpResponseCodec.decode(W3CHttpResponseCodec.java:52)
	at org.openqa.selenium.remote.HttpCommandExecutor.execute(HttpCommandExecutor.java:191)
	at org.openqa.selenium.remote.service.DriverCommandExecutor.invokeExecute(DriverCommandExecutor.java:196)
	at org.openqa.selenium.remote.service.DriverCommandExecutor.execute(DriverCommandExecutor.java:171)
	at org.openqa.selenium.remote.RemoteWebDriver.execute(RemoteWebDriver.java:518)
	at org.openqa.selenium.remote.ElementLocation$ElementFinder$2.findElement(ElementLocation.java:165)
	at org.openqa.selenium.remote.ElementLocation.findElement(ElementLocation.java:59)
	at org.openqa.selenium.remote.RemoteWebDriver.findElement(RemoteWebDriver.java:355)
	at org.openqa.selenium.remote.RemoteWebDriver.findElement(RemoteWebDriver.java:349)
	at org.openqa.selenium.support.pagefactory.DefaultElementLocator.findElement(DefaultElementLocator.java:68)
	at org.openqa.selenium.support.pagefactory.internal.LocatingElementHandler.invoke(LocatingElementHandler.java:38)
	at com.sun.proxy.$Proxy14.isDisplayed(Unknown Source)
	at techproed.tests.smoketests.Day22_PositiveLoginTest.US100201_Admin_Login(Day22_PositiveLoginTest.java:38)
	at java.base/java.util.ArrayList.forEach(ArrayList.java:1541)
	at com.intellij.rt.testng.IDEARemoteTestNG.run(IDEARemoteTestNG.java:66)
	at com.intellij.rt.testng.RemoteTestNGStarter.main(RemoteTestNGStarter.java:109)
... Removed 28 stack frames</div>
</div>
<p class="totop"><a href="#summary">back to summary</a></p>
<h2 id="m2">techproed.tests.dataprovider.Day24_DataProviderTest03:testName</h2>
<table cellspacing="0" cellpadding="0" class="result">
<tr class="param"><th>Parameter #1</th><th>Parameter #2</th></tr>
<tr class="param stripe"><td>raj.khan@bluerentalcars.com</td>
<td>v7Hg_va^</td>
</tr>
<tr><td colspan="2">
<div class="stacktrace">org.openqa.selenium.WebDriverException: disconnected: not connected to DevTools
  (failed to check if window was closed: disconnected: not connected to DevTools)
  (Session info: chrome=119.0.6045.124)
Build info: version: &apos;4.11.0&apos;, revision: &apos;040bc5406b&apos;
System info: os.name: &apos;Windows 10&apos;, os.arch: &apos;amd64&apos;, os.version: &apos;10.0&apos;, java.version: &apos;11.0.15&apos;
Driver info: org.openqa.selenium.chrome.ChromeDriver
Command: [0d1f7ce4b3f7e6016000323acb6c18f1, maximizeCurrentWindow {}]
Capabilities {acceptInsecureCerts: false, browserName: chrome, browserVersion: 119.0.6045.124, chrome: {chromedriverVersion: 119.0.6045.105 (38c72552c5e..., userDataDir: C:\Users\tugba\AppData\Loca...}, fedcm:accounts: true, goog:chromeOptions: {debuggerAddress: localhost:59116}, networkConnectionEnabled: false, pageLoadStrategy: normal, platformName: windows, proxy: Proxy(), se:cdp: ws://localhost:59116/devtoo..., se:cdpVersion: 119.0.6045.124, setWindowRect: true, strictFileInteractability: false, timeouts: {implicit: 0, pageLoad: 300000, script: 30000}, unhandledPromptBehavior: dismiss and notify, webauthn:extension:credBlob: true, webauthn:extension:largeBlob: true, webauthn:extension:minPinLength: true, webauthn:extension:prf: true, webauthn:virtualAuthenticators: true}
Session ID: 0d1f7ce4b3f7e6016000323acb6c18f1
	at org.openqa.selenium.remote.codec.w3c.W3CHttpResponseCodec.createException(W3CHttpResponseCodec.java:200)
	at org.openqa.selenium.remote.codec.w3c.W3CHttpResponseCodec.decode(W3CHttpResponseCodec.java:133)
	at org.openqa.selenium.remote.codec.w3c.W3CHttpResponseCodec.decode(W3CHttpResponseCodec.java:52)
	at org.openqa.selenium.remote.HttpCommandExecutor.execute(HttpCommandExecutor.java:191)
	at org.openqa.selenium.remote.service.DriverCommandExecutor.invokeExecute(DriverCommandExecutor.java:196)
	at org.openqa.selenium.remote.service.DriverCommandExecutor.execute(DriverCommandExecutor.java:171)
	at org.openqa.selenium.remote.RemoteWebDriver.execute(RemoteWebDriver.java:518)
	at org.openqa.selenium.remote.RemoteWebDriver.execute(RemoteWebDriver.java:591)
	at org.openqa.selenium.remote.RemoteWebDriver.execute(RemoteWebDriver.java:595)
	at org.openqa.selenium.remote.RemoteWebDriver$RemoteWebDriverOptions$RemoteWindow.maximize(RemoteWebDriver.java:978)
	at techproed.utilities.Driver.getDriver(Driver.java:32)
	at techproed.pages.BlueRentalHomePage.&lt;init&gt;(BlueRentalHomePage.java:11)
	at techproed.tests.dataprovider.Day24_DataProviderTest03.testName(Day24_DataProviderTest03.java:29)
	at java.base/java.util.ArrayList.forEach(ArrayList.java:1541)
	at com.intellij.rt.testng.IDEARemoteTestNG.run(IDEARemoteTestNG.java:66)
	at com.intellij.rt.testng.RemoteTestNGStarter.main(RemoteTestNGStarter.java:109)
... Removed 28 stack frames</div>
</td></tr>
</table>
<p class="totop"><a href="#summary">back to summary</a></p>
<h2 id="m3">techproed.tests.dataprovider.Day24_DataProviderTest02:testName</h2>
<table cellspacing="0" cellpadding="0" class="result">
<tr class="param"><th>Parameter #1</th><th>Parameter #2</th></tr>
<tr class="param stripe"><td>raj.khan@bluerentalcars.com</td>
<td>v7Hg_va^</td>
</tr>
<tr><td colspan="2">
<div class="stacktrace">java.lang.AssertionError: Element not found: Proxy element for: DefaultElementLocator &apos;By.id: dropdown-basic-button&apos;
	at techproed.utilities.ReusableMethods.verifyElementDisplayed(ReusableMethods.java:205)
	at techproed.tests.dataprovider.Day24_DataProviderTest02.testName(Day24_DataProviderTest02.java:42)
	at java.base/java.util.ArrayList.forEach(ArrayList.java:1541)
	at com.intellij.rt.testng.IDEARemoteTestNG.run(IDEARemoteTestNG.java:66)
	at com.intellij.rt.testng.RemoteTestNGStarter.main(RemoteTestNGStarter.java:109)
... Removed 25 stack frames</div>
</td></tr>
</table>
<p class="totop"><a href="#summary">back to summary</a></p>
<h2 id="m4">techproed.tests.dataprovider.Day24_DataProviderTest03:testName</h2>
<table cellspacing="0" cellpadding="0" class="result">
<tr class="param"><th>Parameter #1</th><th>Parameter #2</th></tr>
<tr class="param stripe"><td>sam.walker@bluerentalcars.com</td>
<td>c!fas_art</td>
</tr>
<tr><td colspan="2">
<div class="stacktrace">org.openqa.selenium.WebDriverException: disconnected: unable to send message to renderer
  (failed to check if window was closed: disconnected: not connected to DevTools)
  (Session info: chrome=119.0.6045.124)
Build info: version: &apos;4.11.0&apos;, revision: &apos;040bc5406b&apos;
System info: os.name: &apos;Windows 10&apos;, os.arch: &apos;amd64&apos;, os.version: &apos;10.0&apos;, java.version: &apos;11.0.15&apos;
Driver info: org.openqa.selenium.chrome.ChromeDriver
Command: [0d1f7ce4b3f7e6016000323acb6c18f1, findElement {using=id, value=dropdown-basic-button}]
Capabilities {acceptInsecureCerts: false, browserName: chrome, browserVersion: 119.0.6045.124, chrome: {chromedriverVersion: 119.0.6045.105 (38c72552c5e..., userDataDir: C:\Users\tugba\AppData\Loca...}, fedcm:accounts: true, goog:chromeOptions: {debuggerAddress: localhost:59116}, networkConnectionEnabled: false, pageLoadStrategy: normal, platformName: windows, proxy: Proxy(), se:cdp: ws://localhost:59116/devtoo..., se:cdpVersion: 119.0.6045.124, setWindowRect: true, strictFileInteractability: false, timeouts: {implicit: 0, pageLoad: 300000, script: 30000}, unhandledPromptBehavior: dismiss and notify, webauthn:extension:credBlob: true, webauthn:extension:largeBlob: true, webauthn:extension:minPinLength: true, webauthn:extension:prf: true, webauthn:virtualAuthenticators: true}
Session ID: 0d1f7ce4b3f7e6016000323acb6c18f1
	at org.openqa.selenium.remote.codec.w3c.W3CHttpResponseCodec.createException(W3CHttpResponseCodec.java:200)
	at org.openqa.selenium.remote.codec.w3c.W3CHttpResponseCodec.decode(W3CHttpResponseCodec.java:133)
	at org.openqa.selenium.remote.codec.w3c.W3CHttpResponseCodec.decode(W3CHttpResponseCodec.java:52)
	at org.openqa.selenium.remote.HttpCommandExecutor.execute(HttpCommandExecutor.java:191)
	at org.openqa.selenium.remote.service.DriverCommandExecutor.invokeExecute(DriverCommandExecutor.java:196)
	at org.openqa.selenium.remote.service.DriverCommandExecutor.execute(DriverCommandExecutor.java:171)
	at org.openqa.selenium.remote.RemoteWebDriver.execute(RemoteWebDriver.java:518)
	at org.openqa.selenium.remote.ElementLocation$ElementFinder$2.findElement(ElementLocation.java:165)
	at org.openqa.selenium.remote.ElementLocation.findElement(ElementLocation.java:59)
	at org.openqa.selenium.remote.RemoteWebDriver.findElement(RemoteWebDriver.java:355)
	at org.openqa.selenium.remote.RemoteWebDriver.findElement(RemoteWebDriver.java:349)
	at org.openqa.selenium.support.pagefactory.DefaultElementLocator.findElement(DefaultElementLocator.java:68)
	at org.openqa.selenium.support.pagefactory.internal.LocatingElementHandler.invoke(LocatingElementHandler.java:38)
	at com.sun.proxy.$Proxy14.toString(Unknown Source)
	at java.base/java.lang.String.valueOf(String.java:2951)
	at techproed.utilities.ReusableMethods.verifyElementDisplayed(ReusableMethods.java:205)
	at techproed.tests.dataprovider.Day24_DataProviderTest03.testName(Day24_DataProviderTest03.java:37)
	at java.base/java.util.ArrayList.forEach(ArrayList.java:1541)
	at com.intellij.rt.testng.IDEARemoteTestNG.run(IDEARemoteTestNG.java:66)
	at com.intellij.rt.testng.RemoteTestNGStarter.main(RemoteTestNGStarter.java:109)
... Removed 28 stack frames</div>
</td></tr>
</table>
<p class="totop"><a href="#summary">back to summary</a></p>
<h2 id="m5">techproed.tests.dataprovider.Day24_DataProviderTest03:testName</h2>
<table cellspacing="0" cellpadding="0" class="result">
<tr class="param"><th>Parameter #1</th><th>Parameter #2</th></tr>
<tr class="param stripe"><td>pam.raymond@bluerentalcars.com</td>
<td>Nga^g6!</td>
</tr>
<tr><td colspan="2">
<div class="stacktrace">org.openqa.selenium.WebDriverException: disconnected: not connected to DevTools
  (failed to check if window was closed: disconnected: not connected to DevTools)
  (Session info: chrome=119.0.6045.124)
Build info: version: &apos;4.11.0&apos;, revision: &apos;040bc5406b&apos;
System info: os.name: &apos;Windows 10&apos;, os.arch: &apos;amd64&apos;, os.version: &apos;10.0&apos;, java.version: &apos;11.0.15&apos;
Driver info: org.openqa.selenium.chrome.ChromeDriver
Command: [0d1f7ce4b3f7e6016000323acb6c18f1, maximizeCurrentWindow {}]
Capabilities {acceptInsecureCerts: false, browserName: chrome, browserVersion: 119.0.6045.124, chrome: {chromedriverVersion: 119.0.6045.105 (38c72552c5e..., userDataDir: C:\Users\tugba\AppData\Loca...}, fedcm:accounts: true, goog:chromeOptions: {debuggerAddress: localhost:59116}, networkConnectionEnabled: false, pageLoadStrategy: normal, platformName: windows, proxy: Proxy(), se:cdp: ws://localhost:59116/devtoo..., se:cdpVersion: 119.0.6045.124, setWindowRect: true, strictFileInteractability: false, timeouts: {implicit: 0, pageLoad: 300000, script: 30000}, unhandledPromptBehavior: dismiss and notify, webauthn:extension:credBlob: true, webauthn:extension:largeBlob: true, webauthn:extension:minPinLength: true, webauthn:extension:prf: true, webauthn:virtualAuthenticators: true}
Session ID: 0d1f7ce4b3f7e6016000323acb6c18f1
	at org.openqa.selenium.remote.codec.w3c.W3CHttpResponseCodec.createException(W3CHttpResponseCodec.java:200)
	at org.openqa.selenium.remote.codec.w3c.W3CHttpResponseCodec.decode(W3CHttpResponseCodec.java:133)
	at org.openqa.selenium.remote.codec.w3c.W3CHttpResponseCodec.decode(W3CHttpResponseCodec.java:52)
	at org.openqa.selenium.remote.HttpCommandExecutor.execute(HttpCommandExecutor.java:191)
	at org.openqa.selenium.remote.service.DriverCommandExecutor.invokeExecute(DriverCommandExecutor.java:196)
	at org.openqa.selenium.remote.service.DriverCommandExecutor.execute(DriverCommandExecutor.java:171)
	at org.openqa.selenium.remote.RemoteWebDriver.execute(RemoteWebDriver.java:518)
	at org.openqa.selenium.remote.RemoteWebDriver.execute(RemoteWebDriver.java:591)
	at org.openqa.selenium.remote.RemoteWebDriver.execute(RemoteWebDriver.java:595)
	at org.openqa.selenium.remote.RemoteWebDriver$RemoteWebDriverOptions$RemoteWindow.maximize(RemoteWebDriver.java:978)
	at techproed.utilities.Driver.getDriver(Driver.java:32)
	at techproed.pages.BlueRentalHomePage.&lt;init&gt;(BlueRentalHomePage.java:11)
	at techproed.tests.dataprovider.Day24_DataProviderTest03.testName(Day24_DataProviderTest03.java:29)
	at java.base/java.util.ArrayList.forEach(ArrayList.java:1541)
	at com.intellij.rt.testng.IDEARemoteTestNG.run(IDEARemoteTestNG.java:66)
	at com.intellij.rt.testng.RemoteTestNGStarter.main(RemoteTestNGStarter.java:109)
... Removed 28 stack frames</div>
</td></tr>
</table>
<p class="totop"><a href="#summary">back to summary</a></p>
<h2 id="m6">techproed.tests.dataprovider.Day24_DataProviderTest02:testName</h2>
<table cellspacing="0" cellpadding="0" class="result">
<tr class="param"><th>Parameter #1</th><th>Parameter #2</th></tr>
<tr class="param stripe"><td>sam.walker@bluerentalcars.com</td>
<td>c!fas_art</td>
</tr>
<tr><td colspan="2">
<div class="stacktrace">java.lang.AssertionError: Element not found: Proxy element for: DefaultElementLocator &apos;By.id: dropdown-basic-button&apos;
	at techproed.utilities.ReusableMethods.verifyElementDisplayed(ReusableMethods.java:205)
	at techproed.tests.dataprovider.Day24_DataProviderTest02.testName(Day24_DataProviderTest02.java:42)
	at java.base/java.util.ArrayList.forEach(ArrayList.java:1541)
	at com.intellij.rt.testng.IDEARemoteTestNG.run(IDEARemoteTestNG.java:66)
	at com.intellij.rt.testng.RemoteTestNGStarter.main(RemoteTestNGStarter.java:109)
... Removed 25 stack frames</div>
</td></tr>
</table>
<p class="totop"><a href="#summary">back to summary</a></p>
<h2 id="m7">techproed.tests.dataprovider.Day24_DataProviderTest03:testName</h2>
<table cellspacing="0" cellpadding="0" class="result">
<tr class="param"><th>Parameter #1</th><th>Parameter #2</th></tr>
<tr class="param stripe"><td>raj.khan@bluerentalcars.com</td>
<td>v7Hg_va^</td>
</tr>
<tr><td colspan="2">
<div class="stacktrace">org.openqa.selenium.WebDriverException: disconnected: not connected to DevTools
  (failed to check if window was closed: disconnected: not connected to DevTools)
  (Session info: chrome=119.0.6045.124)
Build info: version: &apos;4.11.0&apos;, revision: &apos;040bc5406b&apos;
System info: os.name: &apos;Windows 10&apos;, os.arch: &apos;amd64&apos;, os.version: &apos;10.0&apos;, java.version: &apos;11.0.15&apos;
Driver info: org.openqa.selenium.chrome.ChromeDriver
Command: [0d1f7ce4b3f7e6016000323acb6c18f1, maximizeCurrentWindow {}]
Capabilities {acceptInsecureCerts: false, browserName: chrome, browserVersion: 119.0.6045.124, chrome: {chromedriverVersion: 119.0.6045.105 (38c72552c5e..., userDataDir: C:\Users\tugba\AppData\Loca...}, fedcm:accounts: true, goog:chromeOptions: {debuggerAddress: localhost:59116}, networkConnectionEnabled: false, pageLoadStrategy: normal, platformName: windows, proxy: Proxy(), se:cdp: ws://localhost:59116/devtoo..., se:cdpVersion: 119.0.6045.124, setWindowRect: true, strictFileInteractability: false, timeouts: {implicit: 0, pageLoad: 300000, script: 30000}, unhandledPromptBehavior: dismiss and notify, webauthn:extension:credBlob: true, webauthn:extension:largeBlob: true, webauthn:extension:minPinLength: true, webauthn:extension:prf: true, webauthn:virtualAuthenticators: true}
Session ID: 0d1f7ce4b3f7e6016000323acb6c18f1
	at org.openqa.selenium.remote.codec.w3c.W3CHttpResponseCodec.createException(W3CHttpResponseCodec.java:200)
	at org.openqa.selenium.remote.codec.w3c.W3CHttpResponseCodec.decode(W3CHttpResponseCodec.java:133)
	at org.openqa.selenium.remote.codec.w3c.W3CHttpResponseCodec.decode(W3CHttpResponseCodec.java:52)
	at org.openqa.selenium.remote.HttpCommandExecutor.execute(HttpCommandExecutor.java:191)
	at org.openqa.selenium.remote.service.DriverCommandExecutor.invokeExecute(DriverCommandExecutor.java:196)
	at org.openqa.selenium.remote.service.DriverCommandExecutor.execute(DriverCommandExecutor.java:171)
	at org.openqa.selenium.remote.RemoteWebDriver.execute(RemoteWebDriver.java:518)
	at org.openqa.selenium.remote.RemoteWebDriver.execute(RemoteWebDriver.java:591)
	at org.openqa.selenium.remote.RemoteWebDriver.execute(RemoteWebDriver.java:595)
	at org.openqa.selenium.remote.RemoteWebDriver$RemoteWebDriverOptions$RemoteWindow.maximize(RemoteWebDriver.java:978)
	at techproed.utilities.Driver.getDriver(Driver.java:32)
	at techproed.pages.BlueRentalHomePage.&lt;init&gt;(BlueRentalHomePage.java:11)
	at techproed.tests.dataprovider.Day24_DataProviderTest03.testName(Day24_DataProviderTest03.java:29)
	at java.base/java.util.ArrayList.forEach(ArrayList.java:1541)
	at com.intellij.rt.testng.IDEARemoteTestNG.run(IDEARemoteTestNG.java:66)
	at com.intellij.rt.testng.RemoteTestNGStarter.main(RemoteTestNGStarter.java:109)
... Removed 28 stack frames</div>
</td></tr>
</table>
<p class="totop"><a href="#summary">back to summary</a></p>
<h2 id="m8">techproed.tests.dataprovider.Day24_DataProviderTest02:testName</h2>
<table cellspacing="0" cellpadding="0" class="result">
<tr class="param"><th>Parameter #1</th><th>Parameter #2</th></tr>
<tr class="param stripe"><td>pam.raymond@bluerentalcars.com</td>
<td>Nga^g6!</td>
</tr>
<tr><td colspan="2">
<div class="stacktrace">java.lang.AssertionError: Element not found: Proxy element for: DefaultElementLocator &apos;By.id: dropdown-basic-button&apos;
	at techproed.utilities.ReusableMethods.verifyElementDisplayed(ReusableMethods.java:205)
	at techproed.tests.dataprovider.Day24_DataProviderTest02.testName(Day24_DataProviderTest02.java:42)
	at java.base/java.util.ArrayList.forEach(ArrayList.java:1541)
	at com.intellij.rt.testng.IDEARemoteTestNG.run(IDEARemoteTestNG.java:66)
	at com.intellij.rt.testng.RemoteTestNGStarter.main(RemoteTestNGStarter.java:109)
... Removed 25 stack frames</div>
</td></tr>
</table>
<p class="totop"><a href="#summary">back to summary</a></p>
<h2 id="m9">techproed.tests.dataprovider.Day24_DataProviderTest02:testName</h2>
<table cellspacing="0" cellpadding="0" class="result">
<tr class="param"><th>Parameter #1</th><th>Parameter #2</th></tr>
<tr class="param stripe"><td>kate.brown@bluerentalcars.com</td>
<td>tad1$Fas</td>
</tr>
<tr><td colspan="2">
<div class="stacktrace">java.lang.AssertionError: Element not found: Proxy element for: DefaultElementLocator &apos;By.id: dropdown-basic-button&apos;
	at techproed.utilities.ReusableMethods.verifyElementDisplayed(ReusableMethods.java:205)
	at techproed.tests.dataprovider.Day24_DataProviderTest02.testName(Day24_DataProviderTest02.java:42)
	at java.base/java.util.ArrayList.forEach(ArrayList.java:1541)
	at com.intellij.rt.testng.IDEARemoteTestNG.run(IDEARemoteTestNG.java:66)
	at com.intellij.rt.testng.RemoteTestNGStarter.main(RemoteTestNGStarter.java:109)
... Removed 25 stack frames</div>
</td></tr>
</table>
<p class="totop"><a href="#summary">back to summary</a></p>
<h2 id="m10">techproed.tests.dataprovider.Day24_DataProviderTest01:googleSearchTest</h2>
<table cellspacing="0" cellpadding="0" class="result">
<tr class="param"><th>Parameter #1</th></tr>
<tr class="param stripe"><td>volvo</td>
</tr>
</table>
<p class="totop"><a href="#summary">back to summary</a></p>
<h2 id="m11">techproed.tests.dataprovider.Day25_DataProviderTest04:employeeDataTest</h2>
<table cellspacing="0" cellpadding="0" class="result">
<tr class="param"><th>Parameter #1</th><th>Parameter #2</th></tr>
<tr class="param stripe"><td>Bob</td>
<td>93837</td>
</tr>
</table>
<p class="totop"><a href="#summary">back to summary</a></p>
<h2 id="m12">techproed.tests.dataprovider.Day24_DataProviderTest01:googleSearchTest</h2>
<table cellspacing="0" cellpadding="0" class="result">
<tr class="param"><th>Parameter #1</th></tr>
<tr class="param stripe"><td>bmw</td>
</tr>
</table>
<p class="totop"><a href="#summary">back to summary</a></p>
<h2 id="m13">techproed.tests.dataprovider.Day24_DataProviderTest01:googleSearchTest</h2>
<table cellspacing="0" cellpadding="0" class="result">
<tr class="param"><th>Parameter #1</th></tr>
<tr class="param stripe"><td>toyota</td>
</tr>
</table>
<p class="totop"><a href="#summary">back to summary</a></p>
<h2 id="m14">techproed.tests.dataprovider.Day25_DataProviderTest04:customerServiceTest</h2>
<table cellspacing="0" cellpadding="0" class="result">
<tr class="param"><th>Parameter #1</th><th>Parameter #2</th></tr>
<tr class="param stripe"><td>Adam</td>
<td>12345</td>
</tr>
</table>
<p class="totop"><a href="#summary">back to summary</a></p>
<h2 id="m15">techproed.tests.dataprovider.Day25_DataProviderTest04:employeeInformationTest</h2>
<table cellspacing="0" cellpadding="0" class="result">
<tr class="param"><th>Parameter #1</th><th>Parameter #2</th></tr>
<tr class="param stripe"><td>raj.khan@bluerentalcars.com</td>
<td>v7Hg_va^</td>
</tr>
</table>
<p class="totop"><a href="#summary">back to summary</a></p>
<h2 id="m16">techproed.tests.dataprovider.Day24_DataProviderTest01:searchTest</h2>
<table cellspacing="0" cellpadding="0" class="result">
<tr class="param"><th>Parameter #1</th></tr>
<tr class="param stripe"><td>honda</td>
</tr>
</table>
<p class="totop"><a href="#summary">back to summary</a></p>
<h2 id="m17">techproed.tests.dataprovider.Day25_DataProviderTest04:employeeDataTest</h2>
<table cellspacing="0" cellpadding="0" class="result">
<tr class="param"><th>Parameter #1</th><th>Parameter #2</th></tr>
<tr class="param stripe"><td>Jake</td>
<td>65746</td>
</tr>
</table>
<p class="totop"><a href="#summary">back to summary</a></p>
<h2 id="m18">techproed.tests.dataprovider.Day24_DataProviderTest02:dataProviderTest</h2>
<table cellspacing="0" cellpadding="0" class="result">
<tr class="param"><th>Parameter #1</th><th>Parameter #2</th></tr>
<tr class="param stripe"><td>pam.raymond@bluerentalcars.com</td>
<td>Nga^g6!</td>
</tr>
</table>
<p class="totop"><a href="#summary">back to summary</a></p>
<h2 id="m19">techproed.tests.dataprovider.Day24_DataProviderTest01:searchTest</h2>
<table cellspacing="0" cellpadding="0" class="result">
<tr class="param"><th>Parameter #1</th></tr>
<tr class="param stripe"><td>volvo</td>
</tr>
</table>
<p class="totop"><a href="#summary">back to summary</a></p>
<h2 id="m20">techproed.tests.dataprovider.Day25_DataProviderTest04:customerServiceTest</h2>
<table cellspacing="0" cellpadding="0" class="result">
<tr class="param"><th>Parameter #1</th><th>Parameter #2</th></tr>
<tr class="param stripe"><td>Nancy</td>
<td>98765</td>
</tr>
</table>
<p class="totop"><a href="#summary">back to summary</a></p>
<h2 id="m21">techproed.tests.dataprovider.Day25_DataProviderTest04:employeeInformationTest</h2>
<table cellspacing="0" cellpadding="0" class="result">
<tr class="param"><th>Parameter #1</th><th>Parameter #2</th></tr>
<tr class="param stripe"><td>sam.walker@bluerentalcars.com</td>
<td>c!fas_art</td>
</tr>
</table>
<p class="totop"><a href="#summary">back to summary</a></p>
<h2 id="m22">techproed.tests.dataprovider.Day25_DataProviderTest04:customerDataTest</h2>
<table cellspacing="0" cellpadding="0" class="result">
<tr class="param"><th>Parameter #1</th><th>Parameter #2</th><th>Parameter #3</th></tr>
<tr class="param stripe"><td>manager1</td>
<td>12378</td>
<td>NewYork</td>
</tr>
</table>
<p class="totop"><a href="#summary">back to summary</a></p>
<h2 id="m23">techproed.tests.dataprovider.Day25_DataProviderTest04:employeeDataTest</h2>
<table cellspacing="0" cellpadding="0" class="result">
<tr class="param"><th>Parameter #1</th><th>Parameter #2</th></tr>
<tr class="param stripe"><td>Daisy</td>
<td>02837</td>
</tr>
</table>
<p class="totop"><a href="#summary">back to summary</a></p>
<h2 id="m24">techproed.tests.dataprovider.Day24_DataProviderTest01:searchTest</h2>
<table cellspacing="0" cellpadding="0" class="result">
<tr class="param"><th>Parameter #1</th></tr>
<tr class="param stripe"><td>tesla</td>
</tr>
</table>
<p class="totop"><a href="#summary">back to summary</a></p>
<h2 id="m25">techproed.tests.dataprovider.Day24_DataProviderTest01:searchTest</h2>
<table cellspacing="0" cellpadding="0" class="result">
<tr class="param"><th>Parameter #1</th></tr>
<tr class="param stripe"><td>bmw</td>
</tr>
</table>
<p class="totop"><a href="#summary">back to summary</a></p>
<h2 id="m26">techproed.tests.dataprovider.Day24_DataProviderTest01:googleSearchTest</h2>
<table cellspacing="0" cellpadding="0" class="result">
<tr class="param"><th>Parameter #1</th></tr>
<tr class="param stripe"><td>mercedes</td>
</tr>
</table>
<p class="totop"><a href="#summary">back to summary</a></p>
<h2 id="m27">techproed.tests.dataprovider.Day24_DataProviderTest02:dataProviderTest</h2>
<table cellspacing="0" cellpadding="0" class="result">
<tr class="param"><th>Parameter #1</th><th>Parameter #2</th></tr>
<tr class="param stripe"><td>sam.walker@bluerentalcars.com</td>
<td>c!fas_art</td>
</tr>
</table>
<p class="totop"><a href="#summary">back to summary</a></p>
<h2 id="m28">techproed.tests.dataprovider.Day25_DataProviderTest04:employeeInformationTest</h2>
<table cellspacing="0" cellpadding="0" class="result">
<tr class="param"><th>Parameter #1</th><th>Parameter #2</th></tr>
<tr class="param stripe"><td>pam.raymond@bluerentalcars.com</td>
<td>Nga^g6!</td>
</tr>
</table>
<p class="totop"><a href="#summary">back to summary</a></p>
<h2 id="m29">techproed.tests.dataprovider.Day24_DataProviderTest01:searchTest</h2>
<table cellspacing="0" cellpadding="0" class="result">
<tr class="param"><th>Parameter #1</th></tr>
<tr class="param stripe"><td>mercedes</td>
</tr>
</table>
<p class="totop"><a href="#summary">back to summary</a></p>
<h2 id="m30">techproed.tests.dataprovider.Day24_DataProviderTest01:searchTest</h2>
<table cellspacing="0" cellpadding="0" class="result">
<tr class="param"><th>Parameter #1</th></tr>
<tr class="param stripe"><td>toyota</td>
</tr>
</table>
<p class="totop"><a href="#summary">back to summary</a></p>
<h2 id="m31">techproed.tests.dataprovider.Day24_DataProviderTest01:googleSearchTest</h2>
<table cellspacing="0" cellpadding="0" class="result">
<tr class="param"><th>Parameter #1</th></tr>
<tr class="param stripe"><td>honda</td>
</tr>
</table>
<p class="totop"><a href="#summary">back to summary</a></p>
<h2 id="m32">techproed.tests.dataprovider.Day24_DataProviderTest02:dataProviderTest</h2>
<table cellspacing="0" cellpadding="0" class="result">
<tr class="param"><th>Parameter #1</th><th>Parameter #2</th></tr>
<tr class="param stripe"><td>kate.brown@bluerentalcars.com</td>
<td>tad1$Fas</td>
</tr>
</table>
<p class="totop"><a href="#summary">back to summary</a></p>
<h2 id="m33">techproed.tests.dataprovider.Day25_DataProviderTest04:employeeInformationTest</h2>
<table cellspacing="0" cellpadding="0" class="result">
<tr class="param"><th>Parameter #1</th><th>Parameter #2</th></tr>
<tr class="param stripe"><td>raj.khan@bluerentalcars.com</td>
<td>v7Hg_va^</td>
</tr>
</table>
<p class="totop"><a href="#summary">back to summary</a></p>
<h2 id="m34">techproed.tests.dataprovider.Day25_DataProviderTest04:customerServiceTest</h2>
<table cellspacing="0" cellpadding="0" class="result">
<tr class="param"><th>Parameter #1</th><th>Parameter #2</th></tr>
<tr class="param stripe"><td>John</td>
<td>56789</td>
</tr>
</table>
<p class="totop"><a href="#summary">back to summary</a></p>
<h2 id="m35">techproed.tests.dataprovider.Day25_DataProviderTest04:customerDataTest</h2>
<table cellspacing="0" cellpadding="0" class="result">
<tr class="param"><th>Parameter #1</th><th>Parameter #2</th><th>Parameter #3</th></tr>
<tr class="param stripe"><td>manager3</td>
<td>56790</td>
<td>Oslo</td>
</tr>
</table>
<p class="totop"><a href="#summary">back to summary</a></p>
<h2 id="m36">techproed.tests.dataprovider.Day24_DataProviderTest02:dataProviderTest</h2>
<table cellspacing="0" cellpadding="0" class="result">
<tr class="param"><th>Parameter #1</th><th>Parameter #2</th></tr>
<tr class="param stripe"><td>raj.khan@bluerentalcars.com</td>
<td>v7Hg_va^</td>
</tr>
</table>
<p class="totop"><a href="#summary">back to summary</a></p>
<h2 id="m37">techproed.tests.dataprovider.Day24_DataProviderTest01:googleSearchTest</h2>
<table cellspacing="0" cellpadding="0" class="result">
<tr class="param"><th>Parameter #1</th></tr>
<tr class="param stripe"><td>tesla</td>
</tr>
</table>
<p class="totop"><a href="#summary">back to summary</a></p>
<h2 id="m38">techproed.tests.dataprovider.Day25_DataProviderTest04:customerDataTest</h2>
<table cellspacing="0" cellpadding="0" class="result">
<tr class="param"><th>Parameter #1</th><th>Parameter #2</th><th>Parameter #3</th></tr>
<tr class="param stripe"><td>manager2</td>
<td>98712</td>
<td>Tokyo</td>
</tr>
</table>
<p class="totop"><a href="#summary">back to summary</a></p>
<h2 id="m39">techproed.tests.smoketests.Day22_NegativeLoginTest:US100208_Negative_Login</h2>
<p class="totop"><a href="#summary">back to summary</a></p>
</body></html>
